[2023-03-08 03:46:37] [1] [WARN] Reporting disabled: using no op test run registrar
[2023-03-08 03:46:37] [1] [ERROR] For some reason test method not found using reflection: testGoHome
[2023-03-08 03:46:37] [1] [INFO] TEST [carina.test - testGoHome] STARTED at [07:46:37 2023-03-08]
[2023-03-08 03:46:37] [1] [INFO] Starting driver session...
[2023-03-08 03:46:38] [1] [INFO] Driver session started.
[2023-03-08 03:46:38] [1] [INFO] INFO: opening url 'https://demoblaze.com'
[2023-03-08 03:46:42] [1] [INFO] PASS: element 'productTitle[Samsung galaxy s6]' is clicked.
[2023-03-08 03:47:05] [1] [ERROR] For some reason test method not found using reflection: testGoHome
[2023-03-08 03:47:05] [1] [ERROR] TEST [carina.test - testGoHome] FAILED at [07:47:05 2023-03-08] - Product Page is not open expected [true] but found [false]

org.testng.Assert.fail(Assert.java:110)
org.testng.Assert.failNotEquals(Assert.java:1577)
org.testng.Assert.assertTrue(Assert.java:56)
com.test.carina.demo.demoBlazeTest.testGoHome(demoBlazeTest.java:70)
java.base/jdk.internal.reflect.DirectMethodHandleAccessor.invoke(DirectMethodHandleAccessor.java:104)
java.base/java.lang.reflect.Method.invoke(Method.java:578)
org.testng.internal.invokers.MethodInvocationHelper.invokeMethod(MethodInvocationHelper.java:139)
org.testng.internal.invokers.TestInvoker.invokeMethod(TestInvoker.java:677)
org.testng.internal.invokers.TestInvoker.invokeTestMethod(TestInvoker.java:221)
org.testng.internal.invokers.MethodRunner.runInSequence(MethodRunner.java:50)
org.testng.internal.invokers.TestInvoker$MethodInvocationAgent.invoke(TestInvoker.java:969)
org.testng.internal.invokers.TestInvoker.invokeTestMethods(TestInvoker.java:194)
org.testng.internal.invokers.TestMethodWorker.invokeTestMethods(TestMethodWorker.java:148)
org.testng.internal.invokers.TestMethodWorker.run(TestMethodWorker.java:128)
java.base/java.util.ArrayList.forEach(ArrayList.java:1511)
org.testng.TestRunner.privateRun(TestRunner.java:829)
org.testng.TestRunner.run(TestRunner.java:602)
org.testng.SuiteRunner.runTest(SuiteRunner.java:437)
org.testng.SuiteRunner.runSequentially(SuiteRunner.java:431)
org.testng.SuiteRunner.privateRun(SuiteRunner.java:391)
org.testng.SuiteRunner.run(SuiteRunner.java:330)
org.testng.SuiteRunnerWorker.runSuite(SuiteRunnerWorker.java:52)
org.testng.SuiteRunnerWorker.run(SuiteRunnerWorker.java:95)
org.testng.TestNG.runSuitesSequentially(TestNG.java:1256)
org.testng.TestNG.runSuitesLocally(TestNG.java:1176)
org.testng.TestNG.runSuites(TestNG.java:1099)
org.testng.TestNG.run(TestNG.java:1067)
com.intellij.rt.testng.IDEARemoteTestNG.run(IDEARemoteTestNG.java:66)
com.intellij.rt.testng.RemoteTestNGStarter.main(RemoteTestNGStarter.java:109)
[2023-03-08 03:47:05] [1] [ERROR] For some reason test method not found using reflection: testGoHome
